<?xml version="1.0" encoding="UTF-8"?>
<persistence version="2.0"
	xmlns="http://java.sun.com/xml/ns/persistence" xmlns:xsi="http://www.w3.org/2001/XMLSchema-instance"
	xsi:schemaLocation="http://java.sun.com/xml/ns/persistence 
	http://java.sun.com/xml/ns/persistence/persistence_2_0.xsd">

	<persistence-unit name="testPU" transaction-type="JTA">
		<class>com.test.weblogic.spring.model.User</class>
		<properties>
		    <property name="hibernate.dialect" value="org.hibernate.dialect.MySQL5Dialect" />
		    <property name="hibernate.transaction.jta.platform" value="com.atomikos.icatch.jta.hibernate4.AtomikosPlatform" />
		    <property name="hibernate.show_sql" value="true" />
		    <property name="hibernate.id.new_generator_mappings" value="false" />
			<property name="hibernate.hbm2ddl.auto" value="create-drop"/>
		</properties>
	</persistence-unit>

</persistence>